20:30:56 **** Build of configuration Debug for project Fan_Controller_system ****
make all 
Building file: ../adc.c
Invoking: AVR Compiler
avr-gcc -Wall -g2 -gstabs -O0 -fpack-struct -fshort-enums -ffunction-sections -fdata-sections -std=gnu99 -funsigned-char -funsigned-bitfields -mmcu=atmega32 -DF_CPU=1000000UL -MMD -MP -MF"adc.d" -MT"adc.o" -c -o "adc.o" "../adc.c"
Finished building: ../adc.c
 
Building file: ../gpio.c
Invoking: AVR Compiler
avr-gcc -Wall -g2 -gstabs -O0 -fpack-struct -fshort-enums -ffunction-sections -fdata-sections -std=gnu99 -funsigned-char -funsigned-bitfields -mmcu=atmega32 -DF_CPU=1000000UL -MMD -MP -MF"gpio.d" -MT"gpio.o" -c -o "gpio.o" "../gpio.c"
Finished building: ../gpio.c
 
Building file: ../lcd.c
Invoking: AVR Compiler
avr-gcc -Wall -g2 -gstabs -O0 -fpack-struct -fshort-enums -ffunction-sections -fdata-sections -std=gnu99 -funsigned-char -funsigned-bitfields -mmcu=atmega32 -DF_CPU=1000000UL -MMD -MP -MF"lcd.d" -MT"lcd.o" -c -o "lcd.o" "../lcd.c"
In file included from ../lcd.c:11:
c:/winavr-20100110/lib/gcc/../../avr/include/util/delay.h:90:3: warning: #warning "Compiler optimizations disabled; functions from <util/delay.h> won't work as designed"
../lcd.c: In function 'LCD_intgerToString':
../lcd.c:143: warning: implicit declaration of function 'itoa'
../lcd.c:144: warning: pointer targets in passing argument 1 of 'LCD_displayString' differ in signedness
Finished building: ../lcd.c
 
Building file: ../lm35_sensor.c
Invoking: AVR Compiler
avr-gcc -Wall -g2 -gstabs -O0 -fpack-struct -fshort-enums -ffunction-sections -fdata-sections -std=gnu99 -funsigned-char -funsigned-bitfields -mmcu=atmega32 -DF_CPU=1000000UL -MMD -MP -MF"lm35_sensor.d" -MT"lm35_sensor.o" -c -o "lm35_sensor.o" "../lm35_sensor.c"
In file included from ../lm35_sensor.c:12:
c:/winavr-20100110/lib/gcc/../../avr/include/util/delay.h:90:3: warning: #warning "Compiler optimizations disabled; functions from <util/delay.h> won't work as designed"
Finished building: ../lm35_sensor.c
 
Building target: Fan_Controller_system.elf
Invoking: AVR C Linker
avr-gcc -Wl,-Map,Fan_Controller_system.map -mmcu=atmega32 -o "Fan_Controller_system.elf"  ./adc.o ./gpio.o ./lcd.o ./lm35_sensor.o   
c:/winavr-20100110/bin/../lib/gcc/avr/4.3.3/../../../../avr/lib/avr5/crtm32.o:(.init9+0x0): undefined reference to `main'
make: *** [Fan_Controller_system.elf] Error 1
"make all" terminated with exit code 2. Build might be incomplete.
20:40:37 **** Incremental Build of configuration Debug for project Fan_Controller_system ****
make all 
Building file: ../adc.c
Invoking: AVR Compiler
avr-gcc -Wall -g2 -gstabs -O0 -fpack-struct -fshort-enums -ffunction-sections -fdata-sections -std=gnu99 -funsigned-char -funsigned-bitfields -mmcu=atmega32 -DF_CPU=1000000UL -MMD -MP -MF"adc.d" -MT"adc.o" -c -o "adc.o" "../adc.c"
Finished building: ../adc.c
 
Building file: ../lm35_sensor.c
Invoking: AVR Compiler
avr-gcc -Wall -g2 -gstabs -O0 -fpack-struct -fshort-enums -ffunction-sections -fdata-sections -std=gnu99 -funsigned-char -funsigned-bitfields -mmcu=atmega32 -DF_CPU=1000000UL -MMD -MP -MF"lm35_sensor.d" -MT"lm35_sensor.o" -c -o "lm35_sensor.o" "../lm35_sensor.c"
Finished building: ../lm35_sensor.c
 
Building target: Fan_Controller_system.elf
Invoking: AVR C Linker
avr-gcc -Wl,-Map,Fan_Controller_system.map -mmcu=atmega32 -o "Fan_Controller_system.elf"  ./adc.o ./gpio.o ./lcd.o ./lm35_sensor.o   
c:/winavr-20100110/bin/../lib/gcc/avr/4.3.3/../../../../avr/lib/avr5/crtm32.o:(.init9+0x0): undefined reference to `main'
make: *** [Fan_Controller_system.elf] Error 1
"make all" terminated with exit code 2. Build might be incomplete.
20:40:58 **** Incremental Build of configuration Debug for project Fan_Controller_system ****
make all 
Building target: Fan_Controller_system.elf
Invoking: AVR C Linker
avr-gcc -Wl,-Map,Fan_Controller_system.map -mmcu=atmega32 -o "Fan_Controller_system.elf"  ./adc.o ./gpio.o ./lcd.o ./lm35_sensor.o   
c:/winavr-20100110/bin/../lib/gcc/avr/4.3.3/../../../../avr/lib/avr5/crtm32.o:(.init9+0x0): undefined reference to `main'
make: *** [Fan_Controller_system.elf] Error 1
"make all" terminated with exit code 2. Build might be incomplete.
21:01:31 **** Incremental Build of configuration Debug for project Fan_Controller_system ****
make all 
Building file: ../adc.c
Invoking: AVR Compiler
avr-gcc -Wall -g2 -gstabs -O0 -fpack-struct -fshort-enums -ffunction-sections -fdata-sections -std=gnu99 -funsigned-char -funsigned-bitfields -mmcu=atmega32 -DF_CPU=1000000UL -MMD -MP -MF"adc.d" -MT"adc.o" -c -o "adc.o" "../adc.c"
Finished building: ../adc.c
 
Building file: ../lm35_sensor.c
Invoking: AVR Compiler
avr-gcc -Wall -g2 -gstabs -O0 -fpack-struct -fshort-enums -ffunction-sections -fdata-sections -std=gnu99 -funsigned-char -funsigned-bitfields -mmcu=atmega32 -DF_CPU=1000000UL -MMD -MP -MF"lm35_sensor.d" -MT"lm35_sensor.o" -c -o "lm35_sensor.o" "../lm35_sensor.c"
Finished building: ../lm35_sensor.c
 
Building target: Fan_Controller_system.elf
Invoking: AVR C Linker
avr-gcc -Wl,-Map,Fan_Controller_system.map -mmcu=atmega32 -o "Fan_Controller_system.elf"  ./adc.o ./gpio.o ./lcd.o ./lm35_sensor.o   
c:/winavr-20100110/bin/../lib/gcc/avr/4.3.3/../../../../avr/lib/avr5/crtm32.o:(.init9+0x0): undefined reference to `main'
make: *** [Fan_Controller_system.elf] Error 1
"make all" terminated with exit code 2. Build might be incomplete.
21:03:34 **** Incremental Build of configuration Debug for project Fan_Controller_system ****
make all 
Building file: ../adc.c
Invoking: AVR Compiler
avr-gcc -Wall -g2 -gstabs -O0 -fpack-struct -fshort-enums -ffunction-sections -fdata-sections -std=gnu99 -funsigned-char -funsigned-bitfields -mmcu=atmega32 -DF_CPU=1000000UL -MMD -MP -MF"adc.d" -MT"adc.o" -c -o "adc.o" "../adc.c"
Finished building: ../adc.c
 
Building file: ../lm35_sensor.c
Invoking: AVR Compiler
avr-gcc -Wall -g2 -gstabs -O0 -fpack-struct -fshort-enums -ffunction-sections -fdata-sections -std=gnu99 -funsigned-char -funsigned-bitfields -mmcu=atmega32 -DF_CPU=1000000UL -MMD -MP -MF"lm35_sensor.d" -MT"lm35_sensor.o" -c -o "lm35_sensor.o" "../lm35_sensor.c"
Finished building: ../lm35_sensor.c
 
Building target: Fan_Controller_system.elf
Invoking: AVR C Linker
avr-gcc -Wl,-Map,Fan_Controller_system.map -mmcu=atmega32 -o "Fan_Controller_system.elf"  ./adc.o ./gpio.o ./lcd.o ./lm35_sensor.o   
c:/winavr-20100110/bin/../lib/gcc/avr/4.3.3/../../../../avr/lib/avr5/crtm32.o:(.init9+0x0): undefined reference to `main'
make: *** [Fan_Controller_system.elf] Error 1
"make all" terminated with exit code 2. Build might be incomplete.
00:46:08 **** Incremental Build of configuration Debug for project Fan_Controller_system ****
make all 
Building file: ../adc.c
Invoking: AVR Compiler
avr-gcc -Wall -g2 -gstabs -O0 -fpack-struct -fshort-enums -ffunction-sections -fdata-sections -std=gnu99 -funsigned-char -funsigned-bitfields -mmcu=atmega32 -DF_CPU=1000000UL -MMD -MP -MF"adc.d" -MT"adc.o" -c -o "adc.o" "../adc.c"
Finished building: ../adc.c
 
Building file: ../dcmotor.c
Invoking: AVR Compiler
avr-gcc -Wall -g2 -gstabs -O0 -fpack-struct -fshort-enums -ffunction-sections -fdata-sections -std=gnu99 -funsigned-char -funsigned-bitfields -mmcu=atmega32 -DF_CPU=1000000UL -MMD -MP -MF"dcmotor.d" -MT"dcmotor.o" -c -o "dcmotor.o" "../dcmotor.c"
Finished building: ../dcmotor.c
 
Building file: ../gpio.c
Invoking: AVR Compiler
avr-gcc -Wall -g2 -gstabs -O0 -fpack-struct -fshort-enums -ffunction-sections -fdata-sections -std=gnu99 -funsigned-char -funsigned-bitfields -mmcu=atmega32 -DF_CPU=1000000UL -MMD -MP -MF"gpio.d" -MT"gpio.o" -c -o "gpio.o" "../gpio.c"
Finished building: ../gpio.c
 
Building file: ../lcd.c
Invoking: AVR Compiler
avr-gcc -Wall -g2 -gstabs -O0 -fpack-struct -fshort-enums -ffunction-sections -fdata-sections -std=gnu99 -funsigned-char -funsigned-bitfields -mmcu=atmega32 -DF_CPU=1000000UL -MMD -MP -MF"lcd.d" -MT"lcd.o" -c -o "lcd.o" "../lcd.c"
In file included from ../lcd.c:11:
c:/winavr-20100110/lib/gcc/../../avr/include/util/delay.h:90:3: warning: #warning "Compiler optimizations disabled; functions from <util/delay.h> won't work as designed"
../lcd.c: In function 'LCD_intgerToString':
../lcd.c:143: warning: implicit declaration of function 'itoa'
../lcd.c:144: warning: pointer targets in passing argument 1 of 'LCD_displayString' differ in signedness
Finished building: ../lcd.c
 
Building file: ../lm35_sensor.c
Invoking: AVR Compiler
avr-gcc -Wall -g2 -gstabs -O0 -fpack-struct -fshort-enums -ffunction-sections -fdata-sections -std=gnu99 -funsigned-char -funsigned-bitfields -mmcu=atmega32 -DF_CPU=1000000UL -MMD -MP -MF"lm35_sensor.d" -MT"lm35_sensor.o" -c -o "lm35_sensor.o" "../lm35_sensor.c"
Finished building: ../lm35_sensor.c
 
Building file: ../timer0.c
Invoking: AVR Compiler
avr-gcc -Wall -g2 -gstabs -O0 -fpack-struct -fshort-enums -ffunction-sections -fdata-sections -std=gnu99 -funsigned-char -funsigned-bitfields -mmcu=atmega32 -DF_CPU=1000000UL -MMD -MP -MF"timer0.d" -MT"timer0.o" -c -o "timer0.o" "../timer0.c"
Finished building: ../timer0.c
 
Building target: Fan_Controller_system.elf
Invoking: AVR C Linker
avr-gcc -Wl,-Map,Fan_Controller_system.map -mmcu=atmega32 -o "Fan_Controller_system.elf"  ./adc.o ./dcmotor.o ./gpio.o ./lcd.o ./lm35_sensor.o ./timer0.o   
c:/winavr-20100110/bin/../lib/gcc/avr/4.3.3/../../../../avr/lib/avr5/crtm32.o:(.init9+0x0): undefined reference to `main'
make: *** [Fan_Controller_system.elf] Error 1
"make all" terminated with exit code 2. Build might be incomplete.
01:18:28 **** Incremental Build of configuration Debug for project Fan_Controller_system ****
make all 
Building file: ../adc.c
Invoking: AVR Compiler
avr-gcc -Wall -g2 -gstabs -O0 -fpack-struct -fshort-enums -ffunction-sections -fdata-sections -std=gnu99 -funsigned-char -funsigned-bitfields -mmcu=atmega32 -DF_CPU=1000000UL -MMD -MP -MF"adc.d" -MT"adc.o" -c -o "adc.o" "../adc.c"
Finished building: ../adc.c
 
Building file: ../app.c
Invoking: AVR Compiler
avr-gcc -Wall -g2 -gstabs -O0 -fpack-struct -fshort-enums -ffunction-sections -fdata-sections -std=gnu99 -funsigned-char -funsigned-bitfields -mmcu=atmega32 -DF_CPU=1000000UL -MMD -MP -MF"app.d" -MT"app.o" -c -o "app.o" "../app.c"
../app.c: In function 'main':
../app.c:16: error: 'ADC_ConfigType' undeclared (first use in this function)
../app.c:16: error: (Each undeclared identifier is reported only once
../app.c:16: error: for each function it appears in.)
../app.c:16: error: expected ';' before 'Adc_config'
../app.c:18: warning: implicit declaration of function 'ADC_init'
../app.c:18: error: 'Adc_config' undeclared (first use in this function)
../app.c:19: warning: pointer targets in passing argument 1 of 'LCD_displayString' differ in signedness
make: *** [app.o] Error 1
"make all" terminated with exit code 2. Build might be incomplete.
01:19:00 **** Incremental Build of configuration Debug for project Fan_Controller_system ****
make all 
Building file: ../app.c
Invoking: AVR Compiler
avr-gcc -Wall -g2 -gstabs -O0 -fpack-struct -fshort-enums -ffunction-sections -fdata-sections -std=gnu99 -funsigned-char -funsigned-bitfields -mmcu=atmega32 -DF_CPU=1000000UL -MMD -MP -MF"app.d" -MT"app.o" -c -o "app.o" "../app.c"
../app.c: In function 'main':
../app.c:20: warning: pointer targets in passing argument 1 of 'LCD_displayString' differ in signedness
Finished building: ../app.c
 
Building file: ../dcmotor.c
Invoking: AVR Compiler
avr-gcc -Wall -g2 -gstabs -O0 -fpack-struct -fshort-enums -ffunction-sections -fdata-sections -std=gnu99 -funsigned-char -funsigned-bitfields -mmcu=atmega32 -DF_CPU=1000000UL -MMD -MP -MF"dcmotor.d" -MT"dcmotor.o" -c -o "dcmotor.o" "../dcmotor.c"
Finished building: ../dcmotor.c
 
Building file: ../gpio.c
Invoking: AVR Compiler
avr-gcc -Wall -g2 -gstabs -O0 -fpack-struct -fshort-enums -ffunction-sections -fdata-sections -std=gnu99 -funsigned-char -funsigned-bitfields -mmcu=atmega32 -DF_CPU=1000000UL -MMD -MP -MF"gpio.d" -MT"gpio.o" -c -o "gpio.o" "../gpio.c"
Finished building: ../gpio.c
 
Building file: ../lcd.c
Invoking: AVR Compiler
avr-gcc -Wall -g2 -gstabs -O0 -fpack-struct -fshort-enums -ffunction-sections -fdata-sections -std=gnu99 -funsigned-char -funsigned-bitfields -mmcu=atmega32 -DF_CPU=1000000UL -MMD -MP -MF"lcd.d" -MT"lcd.o" -c -o "lcd.o" "../lcd.c"
In file included from ../lcd.c:11:
c:/winavr-20100110/lib/gcc/../../avr/include/util/delay.h:90:3: warning: #warning "Compiler optimizations disabled; functions from <util/delay.h> won't work as designed"
../lcd.c: In function 'LCD_intgerToString':
../lcd.c:143: warning: implicit declaration of function 'itoa'
../lcd.c:144: warning: pointer targets in passing argument 1 of 'LCD_displayString' differ in signedness
Finished building: ../lcd.c
 
Building file: ../lm35_sensor.c
Invoking: AVR Compiler
avr-gcc -Wall -g2 -gstabs -O0 -fpack-struct -fshort-enums -ffunction-sections -fdata-sections -std=gnu99 -funsigned-char -funsigned-bitfields -mmcu=atmega32 -DF_CPU=1000000UL -MMD -MP -MF"lm35_sensor.d" -MT"lm35_sensor.o" -c -o "lm35_sensor.o" "../lm35_sensor.c"
Finished building: ../lm35_sensor.c
 
Building file: ../timer0.c
Invoking: AVR Compiler
avr-gcc -Wall -g2 -gstabs -O0 -fpack-struct -fshort-enums -ffunction-sections -fdata-sections -std=gnu99 -funsigned-char -funsigned-bitfields -mmcu=atmega32 -DF_CPU=1000000UL -MMD -MP -MF"timer0.d" -MT"timer0.o" -c -o "timer0.o" "../timer0.c"
Finished building: ../timer0.c
 
Building target: Fan_Controller_system.elf
Invoking: AVR C Linker
avr-gcc -Wl,-Map,Fan_Controller_system.map -mmcu=atmega32 -o "Fan_Controller_system.elf"  ./adc.o ./app.o ./dcmotor.o ./gpio.o ./lcd.o ./lm35_sensor.o ./timer0.o   
Finished building target: Fan_Controller_system.elf
 
Invoking: AVR Create Extended Listing
avr-objdump -h -S Fan_Controller_system.elf  >"Fan_Controller_system.lss"
Finished building: Fan_Controller_system.lss
 
Invoking: Print Size
avr-size --format=avr --mcu=atmega32 Fan_Controller_system.elf
AVR Memory Usage
----------------
Device: atmega32

Program:    9744 bytes (29.7% Full)
(.text + .data + .bootloader)

Data:        280 bytes (13.7% Full)
(.data + .bss + .noinit)


Finished building: sizedummy
 
01:27:28 **** Incremental Build of configuration Debug for project Fan_Controller_system ****
make all 
Building file: ../app.c
Invoking: AVR Compiler
avr-gcc -Wall -g2 -gstabs -O0 -fpack-struct -fshort-enums -ffunction-sections -fdata-sections -std=gnu99 -funsigned-char -funsigned-bitfields -mmcu=atmega32 -DF_CPU=1000000UL -MMD -MP -MF"app.d" -MT"app.o" -c -o "app.o" "../app.c"
../app.c: In function 'main':
../app.c:20: warning: pointer targets in passing argument 1 of 'LCD_displayString' differ in signedness
../app.c:12: warning: unused variable 'temp'
Finished building: ../app.c
 
Building target: Fan_Controller_system.elf
Invoking: AVR C Linker
avr-gcc -Wl,-Map,Fan_Controller_system.map -mmcu=atmega32 -o "Fan_Controller_system.elf"  ./adc.o ./app.o ./dcmotor.o ./gpio.o ./lcd.o ./lm35_sensor.o ./timer0.o   
Finished building target: Fan_Controller_system.elf
 
Invoking: AVR Create Extended Listing
avr-objdump -h -S Fan_Controller_system.elf  >"Fan_Controller_system.lss"
Finished building: Fan_Controller_system.lss
 
Invoking: Print Size
avr-size --format=avr --mcu=atmega32 Fan_Controller_system.elf
AVR Memory Usage
----------------
Device: atmega32

Program:    9624 bytes (29.4% Full)
(.text + .data + .bootloader)

Data:        276 bytes (13.5% Full)
(.data + .bss + .noinit)


Finished building: sizedummy
 
01:44:19 **** Incremental Build of configuration Debug for project Fan_Controller_system ****
make all 
Building file: ../app.c
Invoking: AVR Compiler
avr-gcc -Wall -g2 -gstabs -O0 -fpack-struct -fshort-enums -ffunction-sections -fdata-sections -std=gnu99 -funsigned-char -funsigned-bitfields -mmcu=atmega32 -DF_CPU=1000000UL -MMD -MP -MF"app.d" -MT"app.o" -c -o "app.o" "../app.c"
../app.c: In function 'main':
../app.c:20: warning: pointer targets in passing argument 1 of 'LCD_displayString' differ in signedness
../app.c:12: warning: unused variable 'temp'
Finished building: ../app.c
 
Building target: Fan_Controller_system.elf
Invoking: AVR C Linker
avr-gcc -Wl,-Map,Fan_Controller_system.map -mmcu=atmega32 -o "Fan_Controller_system.elf"  ./adc.o ./app.o ./dcmotor.o ./gpio.o ./lcd.o ./lm35_sensor.o ./timer0.o   
Finished building target: Fan_Controller_system.elf
 
Invoking: AVR Create Extended Listing
avr-objdump -h -S Fan_Controller_system.elf  >"Fan_Controller_system.lss"
Finished building: Fan_Controller_system.lss
 
Invoking: Print Size
avr-size --format=avr --mcu=atmega32 Fan_Controller_system.elf
AVR Memory Usage
----------------
Device: atmega32

Program:    9626 bytes (29.4% Full)
(.text + .data + .bootloader)

Data:        278 bytes (13.6% Full)
(.data + .bss + .noinit)


Finished building: sizedummy
 
01:45:45 **** Incremental Build of configuration Debug for project Fan_Controller_system ****
make all 
Building file: ../app.c
Invoking: AVR Compiler
avr-gcc -Wall -g2 -gstabs -O0 -fpack-struct -fshort-enums -ffunction-sections -fdata-sections -std=gnu99 -funsigned-char -funsigned-bitfields -mmcu=atmega32 -DF_CPU=1000000UL -MMD -MP -MF"app.d" -MT"app.o" -c -o "app.o" "../app.c"
../app.c: In function 'main':
../app.c:22: warning: pointer targets in passing argument 1 of 'LCD_displayString' differ in signedness
Finished building: ../app.c
 
Building target: Fan_Controller_system.elf
Invoking: AVR C Linker
avr-gcc -Wl,-Map,Fan_Controller_system.map -mmcu=atmega32 -o "Fan_Controller_system.elf"  ./adc.o ./app.o ./dcmotor.o ./gpio.o ./lcd.o ./lm35_sensor.o ./timer0.o   
Finished building target: Fan_Controller_system.elf
 
Invoking: AVR Create Extended Listing
avr-objdump -h -S Fan_Controller_system.elf  >"Fan_Controller_system.lss"
Finished building: Fan_Controller_system.lss
 
Invoking: Print Size
avr-size --format=avr --mcu=atmega32 Fan_Controller_system.elf
AVR Memory Usage
----------------
Device: atmega32

Program:    9754 bytes (29.8% Full)
(.text + .data + .bootloader)

Data:        282 bytes (13.8% Full)
(.data + .bss + .noinit)


Finished building: sizedummy
 
01:46:01 **** Incremental Build of configuration Debug for project Fan_Controller_system ****
make all 
Building file: ../app.c
Invoking: AVR Compiler
avr-gcc -Wall -g2 -gstabs -O0 -fpack-struct -fshort-enums -ffunction-sections -fdata-sections -std=gnu99 -funsigned-char -funsigned-bitfields -mmcu=atmega32 -DF_CPU=1000000UL -MMD -MP -MF"app.d" -MT"app.o" -c -o "app.o" "../app.c"
../app.c: In function 'main':
../app.c:22: warning: pointer targets in passing argument 1 of 'LCD_displayString' differ in signedness
Finished building: ../app.c
 
Building target: Fan_Controller_system.elf
Invoking: AVR C Linker
avr-gcc -Wl,-Map,Fan_Controller_system.map -mmcu=atmega32 -o "Fan_Controller_system.elf"  ./adc.o ./app.o ./dcmotor.o ./gpio.o ./lcd.o ./lm35_sensor.o ./timer0.o   
Finished building target: Fan_Controller_system.elf
 
Invoking: AVR Create Extended Listing
avr-objdump -h -S Fan_Controller_system.elf  >"Fan_Controller_system.lss"
Finished building: Fan_Controller_system.lss
 
Invoking: Print Size
avr-size --format=avr --mcu=atmega32 Fan_Controller_system.elf
AVR Memory Usage
----------------
Device: atmega32

Program:    9754 bytes (29.8% Full)
(.text + .data + .bootloader)

Data:        282 bytes (13.8% Full)
(.data + .bss + .noinit)


Finished building: sizedummy
 
01:46:16 **** Incremental Build of configuration Debug for project Fan_Controller_system ****
make all 
Building file: ../app.c
Invoking: AVR Compiler
avr-gcc -Wall -g2 -gstabs -O0 -fpack-struct -fshort-enums -ffunction-sections -fdata-sections -std=gnu99 -funsigned-char -funsigned-bitfields -mmcu=atmega32 -DF_CPU=1000000UL -MMD -MP -MF"app.d" -MT"app.o" -c -o "app.o" "../app.c"
../app.c: In function 'main':
../app.c:22: warning: pointer targets in passing argument 1 of 'LCD_displayString' differ in signedness
Finished building: ../app.c
 
Building target: Fan_Controller_system.elf
Invoking: AVR C Linker
avr-gcc -Wl,-Map,Fan_Controller_system.map -mmcu=atmega32 -o "Fan_Controller_system.elf"  ./adc.o ./app.o ./dcmotor.o ./gpio.o ./lcd.o ./lm35_sensor.o ./timer0.o   
Finished building target: Fan_Controller_system.elf
 
Invoking: AVR Create Extended Listing
avr-objdump -h -S Fan_Controller_system.elf  >"Fan_Controller_system.lss"
Finished building: Fan_Controller_system.lss
 
Invoking: Print Size
avr-size --format=avr --mcu=atmega32 Fan_Controller_system.elf
AVR Memory Usage
----------------
Device: atmega32

Program:    9752 bytes (29.8% Full)
(.text + .data + .bootloader)

Data:        280 bytes (13.7% Full)
(.data + .bss + .noinit)


Finished building: sizedummy
 
01:48:17 **** Incremental Build of configuration Debug for project Fan_Controller_system ****
make all 
Building file: ../app.c
Invoking: AVR Compiler
avr-gcc -Wall -g2 -gstabs -O0 -fpack-struct -fshort-enums -ffunction-sections -fdata-sections -std=gnu99 -funsigned-char -funsigned-bitfields -mmcu=atmega32 -DF_CPU=1000000UL -MMD -MP -MF"app.d" -MT"app.o" -c -o "app.o" "../app.c"
../app.c: In function 'main':
../app.c:22: warning: pointer targets in passing argument 1 of 'LCD_displayString' differ in signedness
../app.c:23: warning: pointer targets in passing argument 1 of 'LCD_displayString' differ in signedness
Finished building: ../app.c
 
Building file: ../dcmotor.c
Invoking: AVR Compiler
avr-gcc -Wall -g2 -gstabs -O0 -fpack-struct -fshort-enums -ffunction-sections -fdata-sections -std=gnu99 -funsigned-char -funsigned-bitfields -mmcu=atmega32 -DF_CPU=1000000UL -MMD -MP -MF"dcmotor.d" -MT"dcmotor.o" -c -o "dcmotor.o" "../dcmotor.c"
Finished building: ../dcmotor.c
 
Building target: Fan_Controller_system.elf
Invoking: AVR C Linker
avr-gcc -Wl,-Map,Fan_Controller_system.map -mmcu=atmega32 -o "Fan_Controller_system.elf"  ./adc.o ./app.o ./dcmotor.o ./gpio.o ./lcd.o ./lm35_sensor.o ./timer0.o   
Finished building target: Fan_Controller_system.elf
 
Invoking: AVR Create Extended Listing
avr-objdump -h -S Fan_Controller_system.elf  >"Fan_Controller_system.lss"
Finished building: Fan_Controller_system.lss
 
Invoking: Print Size
avr-size --format=avr --mcu=atmega32 Fan_Controller_system.elf
AVR Memory Usage
----------------
Device: atmega32

Program:    9770 bytes (29.8% Full)
(.text + .data + .bootloader)

Data:        290 bytes (14.2% Full)
(.data + .bss + .noinit)


Finished building: sizedummy
 
01:48:20 **** Incremental Build of configuration Debug for project Fan_Controller_system ****
make all 
Building file: ../app.c
Invoking: AVR Compiler
avr-gcc -Wall -g2 -gstabs -O0 -fpack-struct -fshort-enums -ffunction-sections -fdata-sections -std=gnu99 -funsigned-char -funsigned-bitfields -mmcu=atmega32 -DF_CPU=1000000UL -MMD -MP -MF"app.d" -MT"app.o" -c -o "app.o" "../app.c"
../app.c: In function 'main':
../app.c:22: warning: pointer targets in passing argument 1 of 'LCD_displayString' differ in signedness
../app.c:25: warning: pointer targets in passing argument 1 of 'LCD_displayString' differ in signedness
Finished building: ../app.c
 
Building target: Fan_Controller_system.elf
Invoking: AVR C Linker
avr-gcc -Wl,-Map,Fan_Controller_system.map -mmcu=atmega32 -o "Fan_Controller_system.elf"  ./adc.o ./app.o ./dcmotor.o ./gpio.o ./lcd.o ./lm35_sensor.o ./timer0.o   
Finished building target: Fan_Controller_system.elf
 
Invoking: AVR Create Extended Listing
avr-objdump -h -S Fan_Controller_system.elf  >"Fan_Controller_system.lss"
Finished building: Fan_Controller_system.lss
 
Invoking: Print Size
avr-size --format=avr --mcu=atmega32 Fan_Controller_system.elf
AVR Memory Usage
----------------
Device: atmega32

Program:    9770 bytes (29.8% Full)
(.text + .data + .bootloader)

Data:        290 bytes (14.2% Full)
(.data + .bss + .noinit)


Finished building: sizedummy
 
01:49:42 **** Incremental Build of configuration Debug for project Fan_Controller_system ****
make all 
Building file: ../app.c
Invoking: AVR Compiler
avr-gcc -Wall -g2 -gstabs -O0 -fpack-struct -fshort-enums -ffunction-sections -fdata-sections -std=gnu99 -funsigned-char -funsigned-bitfields -mmcu=atmega32 -DF_CPU=1000000UL -MMD -MP -MF"app.d" -MT"app.o" -c -o "app.o" "../app.c"
../app.c: In function 'main':
../app.c:22: warning: pointer targets in passing argument 1 of 'LCD_displayString' differ in signedness
../app.c:25: warning: pointer targets in passing argument 1 of 'LCD_displayString' differ in signedness
Finished building: ../app.c
 
Building target: Fan_Controller_system.elf
Invoking: AVR C Linker
avr-gcc -Wl,-Map,Fan_Controller_system.map -mmcu=atmega32 -o "Fan_Controller_system.elf"  ./adc.o ./app.o ./dcmotor.o ./gpio.o ./lcd.o ./lm35_sensor.o ./timer0.o   
Finished building target: Fan_Controller_system.elf
 
Invoking: AVR Create Extended Listing
avr-objdump -h -S Fan_Controller_system.elf  >"Fan_Controller_system.lss"
Finished building: Fan_Controller_system.lss
 
Invoking: Print Size
avr-size --format=avr --mcu=atmega32 Fan_Controller_system.elf
AVR Memory Usage
----------------
Device: atmega32

Program:    9782 bytes (29.9% Full)
(.text + .data + .bootloader)

Data:        286 bytes (14.0% Full)
(.data + .bss + .noinit)


Finished building: sizedummy
 
01:53:54 **** Incremental Build of configuration Debug for project Fan_Controller_system ****
make all 
Building file: ../app.c
Invoking: AVR Compiler
avr-gcc -Wall -g2 -gstabs -O0 -fpack-struct -fshort-enums -ffunction-sections -fdata-sections -std=gnu99 -funsigned-char -funsigned-bitfields -mmcu=atmega32 -DF_CPU=1000000UL -MMD -MP -MF"app.d" -MT"app.o" -c -o "app.o" "../app.c"
../app.c: In function 'main':
../app.c:20: warning: pointer targets in passing argument 1 of 'LCD_displayString' differ in signedness
Finished building: ../app.c
 
Building target: Fan_Controller_system.elf
Invoking: AVR C Linker
avr-gcc -Wl,-Map,Fan_Controller_system.map -mmcu=atmega32 -o "Fan_Controller_system.elf"  ./adc.o ./app.o ./dcmotor.o ./gpio.o ./lcd.o ./lm35_sensor.o ./timer0.o   
Finished building target: Fan_Controller_system.elf
 
Invoking: AVR Create Extended Listing
avr-objdump -h -S Fan_Controller_system.elf  >"Fan_Controller_system.lss"
Finished building: Fan_Controller_system.lss
 
Invoking: Print Size
avr-size --format=avr --mcu=atmega32 Fan_Controller_system.elf
AVR Memory Usage
----------------
Device: atmega32

Program:    9778 bytes (29.8% Full)
(.text + .data + .bootloader)

Data:        280 bytes (13.7% Full)
(.data + .bss + .noinit)


Finished building: sizedummy
 
01:54:27 **** Incremental Build of configuration Debug for project Fan_Controller_system ****
make all 
Building file: ../app.c
Invoking: AVR Compiler
avr-gcc -Wall -g2 -gstabs -O0 -fpack-struct -fshort-enums -ffunction-sections -fdata-sections -std=gnu99 -funsigned-char -funsigned-bitfields -mmcu=atmega32 -DF_CPU=1000000UL -MMD -MP -MF"app.d" -MT"app.o" -c -o "app.o" "../app.c"
../app.c: In function 'main':
../app.c:20: warning: pointer targets in passing argument 1 of 'LCD_displayString' differ in signedness
Finished building: ../app.c
 
Building target: Fan_Controller_system.elf
Invoking: AVR C Linker
avr-gcc -Wl,-Map,Fan_Controller_system.map -mmcu=atmega32 -o "Fan_Controller_system.elf"  ./adc.o ./app.o ./dcmotor.o ./gpio.o ./lcd.o ./lm35_sensor.o ./timer0.o   
Finished building target: Fan_Controller_system.elf
 
Invoking: AVR Create Extended Listing
avr-objdump -h -S Fan_Controller_system.elf  >"Fan_Controller_system.lss"
Finished building: Fan_Controller_system.lss
 
Invoking: Print Size
avr-size --format=avr --mcu=atmega32 Fan_Controller_system.elf
AVR Memory Usage
----------------
Device: atmega32

Program:    9776 bytes (29.8% Full)
(.text + .data + .bootloader)

Data:        280 bytes (13.7% Full)
(.data + .bss + .noinit)


Finished building: sizedummy
 
01:55:46 **** Incremental Build of configuration Debug for project Fan_Controller_system ****
make all 
Building file: ../adc.c
Invoking: AVR Compiler
avr-gcc -Wall -g2 -gstabs -O0 -fpack-struct -fshort-enums -ffunction-sections -fdata-sections -std=gnu99 -funsigned-char -funsigned-bitfields -mmcu=atmega32 -DF_CPU=1000000UL -MMD -MP -MF"adc.d" -MT"adc.o" -c -o "adc.o" "../adc.c"
Finished building: ../adc.c
 
Building file: ../app.c
Invoking: AVR Compiler
avr-gcc -Wall -g2 -gstabs -O0 -fpack-struct -fshort-enums -ffunction-sections -fdata-sections -std=gnu99 -funsigned-char -funsigned-bitfields -mmcu=atmega32 -DF_CPU=1000000UL -MMD -MP -MF"app.d" -MT"app.o" -c -o "app.o" "../app.c"
../app.c: In function 'main':
../app.c:20: warning: pointer targets in passing argument 1 of 'LCD_displayString' differ in signedness
Finished building: ../app.c
 
Building file: ../lm35_sensor.c
Invoking: AVR Compiler
avr-gcc -Wall -g2 -gstabs -O0 -fpack-struct -fshort-enums -ffunction-sections -fdata-sections -std=gnu99 -funsigned-char -funsigned-bitfields -mmcu=atmega32 -DF_CPU=1000000UL -MMD -MP -MF"lm35_sensor.d" -MT"lm35_sensor.o" -c -o "lm35_sensor.o" "../lm35_sensor.c"
../lm35_sensor.c: In function 'LM35_SENSOR_getTemperature':
../lm35_sensor.c:14: error: expected ')' before 'LCD_displayString'
make: *** [lm35_sensor.o] Error 1
"make all" terminated with exit code 2. Build might be incomplete.
01:56:06 **** Incremental Build of configuration Debug for project Fan_Controller_system ****
make all 
Building file: ../adc.c
Invoking: AVR Compiler
avr-gcc -Wall -g2 -gstabs -O0 -fpack-struct -fshort-enums -ffunction-sections -fdata-sections -std=gnu99 -funsigned-char -funsigned-bitfields -mmcu=atmega32 -DF_CPU=1000000UL -MMD -MP -MF"adc.d" -MT"adc.o" -c -o "adc.o" "../adc.c"
Finished building: ../adc.c
 
Building file: ../app.c
Invoking: AVR Compiler
avr-gcc -Wall -g2 -gstabs -O0 -fpack-struct -fshort-enums -ffunction-sections -fdata-sections -std=gnu99 -funsigned-char -funsigned-bitfields -mmcu=atmega32 -DF_CPU=1000000UL -MMD -MP -MF"app.d" -MT"app.o" -c -o "app.o" "../app.c"
../app.c: In function 'main':
../app.c:20: warning: pointer targets in passing argument 1 of 'LCD_displayString' differ in signedness
Finished building: ../app.c
 
Building file: ../lm35_sensor.c
Invoking: AVR Compiler
avr-gcc -Wall -g2 -gstabs -O0 -fpack-struct -fshort-enums -ffunction-sections -fdata-sections -std=gnu99 -funsigned-char -funsigned-bitfields -mmcu=atmega32 -DF_CPU=1000000UL -MMD -MP -MF"lm35_sensor.d" -MT"lm35_sensor.o" -c -o "lm35_sensor.o" "../lm35_sensor.c"
Finished building: ../lm35_sensor.c
 
Building target: Fan_Controller_system.elf
Invoking: AVR C Linker
avr-gcc -Wl,-Map,Fan_Controller_system.map -mmcu=atmega32 -o "Fan_Controller_system.elf"  ./adc.o ./app.o ./dcmotor.o ./gpio.o ./lcd.o ./lm35_sensor.o ./timer0.o   
Finished building target: Fan_Controller_system.elf
 
Invoking: AVR Create Extended Listing
avr-objdump -h -S Fan_Controller_system.elf  >"Fan_Controller_system.lss"
Finished building: Fan_Controller_system.lss
 
Invoking: Print Size
avr-size --format=avr --mcu=atmega32 Fan_Controller_system.elf
AVR Memory Usage
----------------
Device: atmega32

Program:    9756 bytes (29.8% Full)
(.text + .data + .bootloader)

Data:        280 bytes (13.7% Full)
(.data + .bss + .noinit)


Finished building: sizedummy
 
01:56:14 **** Incremental Build of configuration Debug for project Fan_Controller_system ****
make all 
Building file: ../adc.c
Invoking: AVR Compiler
avr-gcc -Wall -g2 -gstabs -O0 -fpack-struct -fshort-enums -ffunction-sections -fdata-sections -std=gnu99 -funsigned-char -funsigned-bitfields -mmcu=atmega32 -DF_CPU=1000000UL -MMD -MP -MF"adc.d" -MT"adc.o" -c -o "adc.o" "../adc.c"
Finished building: ../adc.c
 
Building file: ../app.c
Invoking: AVR Compiler
avr-gcc -Wall -g2 -gstabs -O0 -fpack-struct -fshort-enums -ffunction-sections -fdata-sections -std=gnu99 -funsigned-char -funsigned-bitfields -mmcu=atmega32 -DF_CPU=1000000UL -MMD -MP -MF"app.d" -MT"app.o" -c -o "app.o" "../app.c"
../app.c: In function 'main':
../app.c:20: warning: pointer targets in passing argument 1 of 'LCD_displayString' differ in signedness
Finished building: ../app.c
 
Building file: ../lm35_sensor.c
Invoking: AVR Compiler
avr-gcc -Wall -g2 -gstabs -O0 -fpack-struct -fshort-enums -ffunction-sections -fdata-sections -std=gnu99 -funsigned-char -funsigned-bitfields -mmcu=atmega32 -DF_CPU=1000000UL -MMD -MP -MF"lm35_sensor.d" -MT"lm35_sensor.o" -c -o "lm35_sensor.o" "../lm35_sensor.c"
Finished building: ../lm35_sensor.c
 
Building target: Fan_Controller_system.elf
Invoking: AVR C Linker
avr-gcc -Wl,-Map,Fan_Controller_system.map -mmcu=atmega32 -o "Fan_Controller_system.elf"  ./adc.o ./app.o ./dcmotor.o ./gpio.o ./lcd.o ./lm35_sensor.o ./timer0.o   
Finished building target: Fan_Controller_system.elf
 
Invoking: AVR Create Extended Listing
avr-objdump -h -S Fan_Controller_system.elf  >"Fan_Controller_system.lss"
Finished building: Fan_Controller_system.lss
 
Invoking: Print Size
avr-size --format=avr --mcu=atmega32 Fan_Controller_system.elf
AVR Memory Usage
----------------
Device: atmega32

Program:    9756 bytes (29.8% Full)
(.text + .data + .bootloader)

Data:        280 bytes (13.7% Full)
(.data + .bss + .noinit)


Finished building: sizedummy
 
02:03:16 **** Incremental Build of configuration Debug for project Fan_Controller_system ****
make all 
Building file: ../adc.c
Invoking: AVR Compiler
avr-gcc -Wall -g2 -gstabs -O0 -fpack-struct -fshort-enums -ffunction-sections -fdata-sections -std=gnu99 -funsigned-char -funsigned-bitfields -mmcu=atmega32 -DF_CPU=1000000UL -MMD -MP -MF"adc.d" -MT"adc.o" -c -o "adc.o" "../adc.c"
Finished building: ../adc.c
 
Building file: ../app.c
Invoking: AVR Compiler
avr-gcc -Wall -g2 -gstabs -O0 -fpack-struct -fshort-enums -ffunction-sections -fdata-sections -std=gnu99 -funsigned-char -funsigned-bitfields -mmcu=atmega32 -DF_CPU=1000000UL -MMD -MP -MF"app.d" -MT"app.o" -c -o "app.o" "../app.c"
../app.c: In function 'main':
../app.c:20: warning: pointer targets in passing argument 1 of 'LCD_displayString' differ in signedness
Finished building: ../app.c
 
Building file: ../lm35_sensor.c
Invoking: AVR Compiler
avr-gcc -Wall -g2 -gstabs -O0 -fpack-struct -fshort-enums -ffunction-sections -fdata-sections -std=gnu99 -funsigned-char -funsigned-bitfields -mmcu=atmega32 -DF_CPU=1000000UL -MMD -MP -MF"lm35_sensor.d" -MT"lm35_sensor.o" -c -o "lm35_sensor.o" "../lm35_sensor.c"
Finished building: ../lm35_sensor.c
 
Building target: Fan_Controller_system.elf
Invoking: AVR C Linker
avr-gcc -Wl,-Map,Fan_Controller_system.map -mmcu=atmega32 -o "Fan_Controller_system.elf"  ./adc.o ./app.o ./dcmotor.o ./gpio.o ./lcd.o ./lm35_sensor.o ./timer0.o   
Finished building target: Fan_Controller_system.elf
 
Invoking: AVR Create Extended Listing
avr-objdump -h -S Fan_Controller_system.elf  >"Fan_Controller_system.lss"
Finished building: Fan_Controller_system.lss
 
Invoking: Print Size
avr-size --format=avr --mcu=atmega32 Fan_Controller_system.elf
AVR Memory Usage
----------------
Device: atmega32

Program:    9778 bytes (29.8% Full)
(.text + .data + .bootloader)

Data:        280 bytes (13.7% Full)
(.data + .bss + .noinit)


Finished building: sizedummy
 
02:03:49 **** Incremental Build of configuration Debug for project Fan_Controller_system ****
make all 
Building file: ../adc.c
Invoking: AVR Compiler
avr-gcc -Wall -g2 -gstabs -O0 -fpack-struct -fshort-enums -ffunction-sections -fdata-sections -std=gnu99 -funsigned-char -funsigned-bitfields -mmcu=atmega32 -DF_CPU=1000000UL -MMD -MP -MF"adc.d" -MT"adc.o" -c -o "adc.o" "../adc.c"
Finished building: ../adc.c
 
Building file: ../app.c
Invoking: AVR Compiler
avr-gcc -Wall -g2 -gstabs -O0 -fpack-struct -fshort-enums -ffunction-sections -fdata-sections -std=gnu99 -funsigned-char -funsigned-bitfields -mmcu=atmega32 -DF_CPU=1000000UL -MMD -MP -MF"app.d" -MT"app.o" -c -o "app.o" "../app.c"
../app.c: In function 'main':
../app.c:20: warning: pointer targets in passing argument 1 of 'LCD_displayString' differ in signedness
Finished building: ../app.c
 
Building file: ../lm35_sensor.c
Invoking: AVR Compiler
avr-gcc -Wall -g2 -gstabs -O0 -fpack-struct -fshort-enums -ffunction-sections -fdata-sections -std=gnu99 -funsigned-char -funsigned-bitfields -mmcu=atmega32 -DF_CPU=1000000UL -MMD -MP -MF"lm35_sensor.d" -MT"lm35_sensor.o" -c -o "lm35_sensor.o" "../lm35_sensor.c"
Finished building: ../lm35_sensor.c
 
Building target: Fan_Controller_system.elf
Invoking: AVR C Linker
avr-gcc -Wl,-Map,Fan_Controller_system.map -mmcu=atmega32 -o "Fan_Controller_system.elf"  ./adc.o ./app.o ./dcmotor.o ./gpio.o ./lcd.o ./lm35_sensor.o ./timer0.o   
Finished building target: Fan_Controller_system.elf
 
Invoking: AVR Create Extended Listing
avr-objdump -h -S Fan_Controller_system.elf  >"Fan_Controller_system.lss"
Finished building: Fan_Controller_system.lss
 
Invoking: Print Size
avr-size --format=avr --mcu=atmega32 Fan_Controller_system.elf
AVR Memory Usage
----------------
Device: atmega32

Program:    9800 bytes (29.9% Full)
(.text + .data + .bootloader)

Data:        280 bytes (13.7% Full)
(.data + .bss + .noinit)


Finished building: sizedummy
 
02:05:31 **** Incremental Build of configuration Debug for project Fan_Controller_system ****
make all 
Building file: ../app.c
Invoking: AVR Compiler
avr-gcc -Wall -g2 -gstabs -O0 -fpack-struct -fshort-enums -ffunction-sections -fdata-sections -std=gnu99 -funsigned-char -funsigned-bitfields -mmcu=atmega32 -DF_CPU=1000000UL -MMD -MP -MF"app.d" -MT"app.o" -c -o "app.o" "../app.c"
Finished building: ../app.c
 
Building target: Fan_Controller_system.elf
Invoking: AVR C Linker
avr-gcc -Wl,-Map,Fan_Controller_system.map -mmcu=atmega32 -o "Fan_Controller_system.elf"  ./adc.o ./app.o ./dcmotor.o ./gpio.o ./lcd.o ./lm35_sensor.o ./timer0.o   
Finished building target: Fan_Controller_system.elf
 
Invoking: AVR Create Extended Listing
avr-objdump -h -S Fan_Controller_system.elf  >"Fan_Controller_system.lss"
Finished building: Fan_Controller_system.lss
 
Invoking: Print Size
avr-size --format=avr --mcu=atmega32 Fan_Controller_system.elf
AVR Memory Usage
----------------
Device: atmega32

Program:    9780 bytes (29.8% Full)
(.text + .data + .bootloader)

Data:        268 bytes (13.1% Full)
(.data + .bss + .noinit)


Finished building: sizedummy
 
02:06:04 **** Incremental Build of configuration Debug for project Fan_Controller_system ****
make all 
Building file: ../app.c
Invoking: AVR Compiler
avr-gcc -Wall -g2 -gstabs -O0 -fpack-struct -fshort-enums -ffunction-sections -fdata-sections -std=gnu99 -funsigned-char -funsigned-bitfields -mmcu=atmega32 -DF_CPU=1000000UL -MMD -MP -MF"app.d" -MT"app.o" -c -o "app.o" "../app.c"
../app.c: In function 'main':
../app.c:20: warning: pointer targets in passing argument 1 of 'LCD_displayString' differ in signedness
Finished building: ../app.c
 
Building target: Fan_Controller_system.elf
Invoking: AVR C Linker
avr-gcc -Wl,-Map,Fan_Controller_system.map -mmcu=atmega32 -o "Fan_Controller_system.elf"  ./adc.o ./app.o ./dcmotor.o ./gpio.o ./lcd.o ./lm35_sensor.o ./timer0.o   
Finished building target: Fan_Controller_system.elf
 
Invoking: AVR Create Extended Listing
avr-objdump -h -S Fan_Controller_system.elf  >"Fan_Controller_system.lss"
Finished building: Fan_Controller_system.lss
 
Invoking: Print Size
avr-size --format=avr --mcu=atmega32 Fan_Controller_system.elf
AVR Memory Usage
----------------
Device: atmega32

Program:    9800 bytes (29.9% Full)
(.text + .data + .bootloader)

Data:        280 bytes (13.7% Full)
(.data + .bss + .noinit)


Finished building: sizedummy
 
02:08:02 **** Incremental Build of configuration Debug for project Fan_Controller_system ****
make all 
Building file: ../app.c
Invoking: AVR Compiler
avr-gcc -Wall -g2 -gstabs -O0 -fpack-struct -fshort-enums -ffunction-sections -fdata-sections -std=gnu99 -funsigned-char -funsigned-bitfields -mmcu=atmega32 -DF_CPU=1000000UL -MMD -MP -MF"app.d" -MT"app.o" -c -o "app.o" "../app.c"
../app.c: In function 'main':
../app.c:20: warning: pointer targets in passing argument 1 of 'LCD_displayString' differ in signedness
../app.c:21: warning: pointer targets in passing argument 1 of 'LCD_displayString' differ in signedness
../app.c:24: warning: pointer targets in passing argument 1 of 'LCD_displayString' differ in signedness
Finished building: ../app.c
 
Building target: Fan_Controller_system.elf
Invoking: AVR C Linker
avr-gcc -Wl,-Map,Fan_Controller_system.map -mmcu=atmega32 -o "Fan_Controller_system.elf"  ./adc.o ./app.o ./dcmotor.o ./gpio.o ./lcd.o ./lm35_sensor.o ./timer0.o   
Finished building target: Fan_Controller_system.elf
 
Invoking: AVR Create Extended Listing
avr-objdump -h -S Fan_Controller_system.elf  >"Fan_Controller_system.lss"
Finished building: Fan_Controller_system.lss
 
Invoking: Print Size
avr-size --format=avr --mcu=atmega32 Fan_Controller_system.elf
AVR Memory Usage
----------------
Device: atmega32

Program:    9836 bytes (30.0% Full)
(.text + .data + .bootloader)

Data:        292 bytes (14.3% Full)
(.data + .bss + .noinit)


Finished building: sizedummy
 
02:08:26 **** Incremental Build of configuration Debug for project Fan_Controller_system ****
make all 
Building file: ../app.c
Invoking: AVR Compiler
avr-gcc -Wall -g2 -gstabs -O0 -fpack-struct -fshort-enums -ffunction-sections -fdata-sections -std=gnu99 -funsigned-char -funsigned-bitfields -mmcu=atmega32 -DF_CPU=1000000UL -MMD -MP -MF"app.d" -MT"app.o" -c -o "app.o" "../app.c"
../app.c: In function 'main':
../app.c:20: warning: pointer targets in passing argument 1 of 'LCD_displayString' differ in signedness
../app.c:21: warning: pointer targets in passing argument 1 of 'LCD_displayString' differ in signedness
../app.c:24: warning: pointer targets in passing argument 1 of 'LCD_displayString' differ in signedness
Finished building: ../app.c
 
Building target: Fan_Controller_system.elf
Invoking: AVR C Linker
avr-gcc -Wl,-Map,Fan_Controller_system.map -mmcu=atmega32 -o "Fan_Controller_system.elf"  ./adc.o ./app.o ./dcmotor.o ./gpio.o ./lcd.o ./lm35_sensor.o ./timer0.o   
Finished building target: Fan_Controller_system.elf
 
Invoking: AVR Create Extended Listing
avr-objdump -h -S Fan_Controller_system.elf  >"Fan_Controller_system.lss"
Finished building: Fan_Controller_system.lss
 
Invoking: Print Size
avr-size --format=avr --mcu=atmega32 Fan_Controller_system.elf
AVR Memory Usage
----------------
Device: atmega32

Program:    9836 bytes (30.0% Full)
(.text + .data + .bootloader)

Data:        292 bytes (14.3% Full)
(.data + .bss + .noinit)


Finished building: sizedummy
 
02:09:02 **** Incremental Build of configuration Debug for project Fan_Controller_system ****
make all 
Building file: ../app.c
Invoking: AVR Compiler
avr-gcc -Wall -g2 -gstabs -O0 -fpack-struct -fshort-enums -ffunction-sections -fdata-sections -std=gnu99 -funsigned-char -funsigned-bitfields -mmcu=atmega32 -DF_CPU=1000000UL -MMD -MP -MF"app.d" -MT"app.o" -c -o "app.o" "../app.c"
../app.c: In function 'main':
../app.c:20: warning: pointer targets in passing argument 1 of 'LCD_displayString' differ in signedness
../app.c:22: warning: pointer targets in passing argument 1 of 'LCD_displayString' differ in signedness
../app.c:25: warning: pointer targets in passing argument 1 of 'LCD_displayString' differ in signedness
Finished building: ../app.c
 
Building target: Fan_Controller_system.elf
Invoking: AVR C Linker
avr-gcc -Wl,-Map,Fan_Controller_system.map -mmcu=atmega32 -o "Fan_Controller_system.elf"  ./adc.o ./app.o ./dcmotor.o ./gpio.o ./lcd.o ./lm35_sensor.o ./timer0.o   
Finished building target: Fan_Controller_system.elf
 
Invoking: AVR Create Extended Listing
avr-objdump -h -S Fan_Controller_system.elf  >"Fan_Controller_system.lss"
Finished building: Fan_Controller_system.lss
 
Invoking: Print Size
avr-size --format=avr --mcu=atmega32 Fan_Controller_system.elf
AVR Memory Usage
----------------
Device: atmega32

Program:    9844 bytes (30.0% Full)
(.text + .data + .bootloader)

Data:        292 bytes (14.3% Full)
(.data + .bss + .noinit)


Finished building: sizedummy
 
02:09:16 **** Incremental Build of configuration Debug for project Fan_Controller_system ****
make all 
Invoking: Print Size
avr-size --format=avr --mcu=atmega32 Fan_Controller_system.elf
AVR Memory Usage
----------------
Device: atmega32

Program:    9844 bytes (30.0% Full)
(.text + .data + .bootloader)

Data:        292 bytes (14.3% Full)
(.data + .bss + .noinit)


Finished building: sizedummy
 
02:09:55 **** Incremental Build of configuration Debug for project Fan_Controller_system ****
make all 
Building file: ../app.c
Invoking: AVR Compiler
avr-gcc -Wall -g2 -gstabs -O0 -fpack-struct -fshort-enums -ffunction-sections -fdata-sections -std=gnu99 -funsigned-char -funsigned-bitfields -mmcu=atmega32 -DF_CPU=1000000UL -MMD -MP -MF"app.d" -MT"app.o" -c -o "app.o" "../app.c"
../app.c: In function 'main':
../app.c:21: warning: pointer targets in passing argument 1 of 'LCD_displayString' differ in signedness
../app.c:23: warning: pointer targets in passing argument 1 of 'LCD_displayString' differ in signedness
../app.c:26: warning: pointer targets in passing argument 1 of 'LCD_displayString' differ in signedness
Finished building: ../app.c
 
Building target: Fan_Controller_system.elf
Invoking: AVR C Linker
avr-gcc -Wl,-Map,Fan_Controller_system.map -mmcu=atmega32 -o "Fan_Controller_system.elf"  ./adc.o ./app.o ./dcmotor.o ./gpio.o ./lcd.o ./lm35_sensor.o ./timer0.o   
Finished building target: Fan_Controller_system.elf
 
Invoking: AVR Create Extended Listing
avr-objdump -h -S Fan_Controller_system.elf  >"Fan_Controller_system.lss"
Finished building: Fan_Controller_system.lss
 
Invoking: Print Size
avr-size --format=avr --mcu=atmega32 Fan_Controller_system.elf
AVR Memory Usage
----------------
Device: atmega32

Program:    9852 bytes (30.1% Full)
(.text + .data + .bootloader)

Data:        292 bytes (14.3% Full)
(.data + .bss + .noinit)


Finished building: sizedummy
 
02:10:37 **** Incremental Build of configuration Debug for project Fan_Controller_system ****
make all 
Building file: ../app.c
Invoking: AVR Compiler
avr-gcc -Wall -g2 -gstabs -O0 -fpack-struct -fshort-enums -ffunction-sections -fdata-sections -std=gnu99 -funsigned-char -funsigned-bitfields -mmcu=atmega32 -DF_CPU=1000000UL -MMD -MP -MF"app.d" -MT"app.o" -c -o "app.o" "../app.c"
../app.c: In function 'main':
../app.c:21: warning: pointer targets in passing argument 1 of 'LCD_displayString' differ in signedness
../app.c:23: warning: pointer targets in passing argument 1 of 'LCD_displayString' differ in signedness
../app.c:12: warning: unused variable 'temp'
Finished building: ../app.c
 
Building target: Fan_Controller_system.elf
Invoking: AVR C Linker
avr-gcc -Wl,-Map,Fan_Controller_system.map -mmcu=atmega32 -o "Fan_Controller_system.elf"  ./adc.o ./app.o ./dcmotor.o ./gpio.o ./lcd.o ./lm35_sensor.o ./timer0.o   
Finished building target: Fan_Controller_system.elf
 
Invoking: AVR Create Extended Listing
avr-objdump -h -S Fan_Controller_system.elf  >"Fan_Controller_system.lss"
Finished building: Fan_Controller_system.lss
 
Invoking: Print Size
avr-size --format=avr --mcu=atmega32 Fan_Controller_system.elf
AVR Memory Usage
----------------
Device: atmega32

Program:    9784 bytes (29.9% Full)
(.text + .data + .bootloader)

Data:        288 bytes (14.1% Full)
(.data + .bss + .noinit)


Finished building: sizedummy
 
02:11:17 **** Incremental Build of configuration Debug for project Fan_Controller_system ****
make all 
Building file: ../app.c
Invoking: AVR Compiler
avr-gcc -Wall -g2 -gstabs -O0 -fpack-struct -fshort-enums -ffunction-sections -fdata-sections -std=gnu99 -funsigned-char -funsigned-bitfields -mmcu=atmega32 -DF_CPU=1000000UL -MMD -MP -MF"app.d" -MT"app.o" -c -o "app.o" "../app.c"
../app.c: In function 'main':
../app.c:21: warning: pointer targets in passing argument 1 of 'LCD_displayString' differ in signedness
../app.c:23: warning: pointer targets in passing argument 1 of 'LCD_displayString' differ in signedness
../app.c:26: warning: pointer targets in passing argument 1 of 'LCD_displayString' differ in signedness
Finished building: ../app.c
 
Building target: Fan_Controller_system.elf
Invoking: AVR C Linker
avr-gcc -Wl,-Map,Fan_Controller_system.map -mmcu=atmega32 -o "Fan_Controller_system.elf"  ./adc.o ./app.o ./dcmotor.o ./gpio.o ./lcd.o ./lm35_sensor.o ./timer0.o   
Finished building target: Fan_Controller_system.elf
 
Invoking: AVR Create Extended Listing
avr-objdump -h -S Fan_Controller_system.elf  >"Fan_Controller_system.lss"
Finished building: Fan_Controller_system.lss
 
Invoking: Print Size
avr-size --format=avr --mcu=atmega32 Fan_Controller_system.elf
AVR Memory Usage
----------------
Device: atmega32

Program:    9852 bytes (30.1% Full)
(.text + .data + .bootloader)

Data:        292 bytes (14.3% Full)
(.data + .bss + .noinit)


Finished building: sizedummy
 
02:11:53 **** Incremental Build of configuration Debug for project Fan_Controller_system ****
make all 
Building file: ../app.c
Invoking: AVR Compiler
avr-gcc -Wall -g2 -gstabs -O0 -fpack-struct -fshort-enums -ffunction-sections -fdata-sections -std=gnu99 -funsigned-char -funsigned-bitfields -mmcu=atmega32 -DF_CPU=1000000UL -MMD -MP -MF"app.d" -MT"app.o" -c -o "app.o" "../app.c"
../app.c: In function 'main':
../app.c:21: warning: pointer targets in passing argument 1 of 'LCD_displayString' differ in signedness
../app.c:23: warning: pointer targets in passing argument 1 of 'LCD_displayString' differ in signedness
../app.c:26: warning: pointer targets in passing argument 1 of 'LCD_displayString' differ in signedness
Finished building: ../app.c
 
Building target: Fan_Controller_system.elf
Invoking: AVR C Linker
avr-gcc -Wl,-Map,Fan_Controller_system.map -mmcu=atmega32 -o "Fan_Controller_system.elf"  ./adc.o ./app.o ./dcmotor.o ./gpio.o ./lcd.o ./lm35_sensor.o ./timer0.o   
Finished building target: Fan_Controller_system.elf
 
Invoking: AVR Create Extended Listing
avr-objdump -h -S Fan_Controller_system.elf  >"Fan_Controller_system.lss"
Finished building: Fan_Controller_system.lss
 
Invoking: Print Size
avr-size --format=avr --mcu=atmega32 Fan_Controller_system.elf
AVR Memory Usage
----------------
Device: atmega32

Program:    9852 bytes (30.1% Full)
(.text + .data + .bootloader)

Data:        292 bytes (14.3% Full)
(.data + .bss + .noinit)


Finished building: sizedummy
 
02:12:08 **** Incremental Build of configuration Debug for project Fan_Controller_system ****
make all 
Building file: ../app.c
Invoking: AVR Compiler
avr-gcc -Wall -g2 -gstabs -O0 -fpack-struct -fshort-enums -ffunction-sections -fdata-sections -std=gnu99 -funsigned-char -funsigned-bitfields -mmcu=atmega32 -DF_CPU=1000000UL -MMD -MP -MF"app.d" -MT"app.o" -c -o "app.o" "../app.c"
../app.c: In function 'main':
../app.c:21: warning: pointer targets in passing argument 1 of 'LCD_displayString' differ in signedness
../app.c:23: warning: pointer targets in passing argument 1 of 'LCD_displayString' differ in signedness
../app.c:26: warning: pointer targets in passing argument 1 of 'LCD_displayString' differ in signedness
Finished building: ../app.c
 
Building target: Fan_Controller_system.elf
Invoking: AVR C Linker
avr-gcc -Wl,-Map,Fan_Controller_system.map -mmcu=atmega32 -o "Fan_Controller_system.elf"  ./adc.o ./app.o ./dcmotor.o ./gpio.o ./lcd.o ./lm35_sensor.o ./timer0.o   
Finished building target: Fan_Controller_system.elf
 
Invoking: AVR Create Extended Listing
avr-objdump -h -S Fan_Controller_system.elf  >"Fan_Controller_system.lss"
Finished building: Fan_Controller_system.lss
 
Invoking: Print Size
avr-size --format=avr --mcu=atmega32 Fan_Controller_system.elf
AVR Memory Usage
----------------
Device: atmega32

Program:    9852 bytes (30.1% Full)
(.text + .data + .bootloader)

Data:        292 bytes (14.3% Full)
(.data + .bss + .noinit)


Finished building: sizedummy
 
02:12:29 **** Incremental Build of configuration Debug for project Fan_Controller_system ****
make all 
Building file: ../app.c
Invoking: AVR Compiler
avr-gcc -Wall -g2 -gstabs -O0 -fpack-struct -fshort-enums -ffunction-sections -fdata-sections -std=gnu99 -funsigned-char -funsigned-bitfields -mmcu=atmega32 -DF_CPU=1000000UL -MMD -MP -MF"app.d" -MT"app.o" -c -o "app.o" "../app.c"
../app.c: In function 'main':
../app.c:21: warning: pointer targets in passing argument 1 of 'LCD_displayString' differ in signedness
../app.c:23: warning: pointer targets in passing argument 1 of 'LCD_displayString' differ in signedness
../app.c:26: warning: pointer targets in passing argument 1 of 'LCD_displayString' differ in signedness
Finished building: ../app.c
 
Building target: Fan_Controller_system.elf
Invoking: AVR C Linker
avr-gcc -Wl,-Map,Fan_Controller_system.map -mmcu=atmega32 -o "Fan_Controller_system.elf"  ./adc.o ./app.o ./dcmotor.o ./gpio.o ./lcd.o ./lm35_sensor.o ./timer0.o   
Finished building target: Fan_Controller_system.elf
 
Invoking: AVR Create Extended Listing
avr-objdump -h -S Fan_Controller_system.elf  >"Fan_Controller_system.lss"
Finished building: Fan_Controller_system.lss
 
Invoking: Print Size
avr-size --format=avr --mcu=atmega32 Fan_Controller_system.elf
AVR Memory Usage
----------------
Device: atmega32

Program:    9852 bytes (30.1% Full)
(.text + .data + .bootloader)

Data:        292 bytes (14.3% Full)
(.data + .bss + .noinit)


Finished building: sizedummy
 
02:12:50 **** Incremental Build of configuration Debug for project Fan_Controller_system ****
make all 
Building file: ../app.c
Invoking: AVR Compiler
avr-gcc -Wall -g2 -gstabs -O0 -fpack-struct -fshort-enums -ffunction-sections -fdata-sections -std=gnu99 -funsigned-char -funsigned-bitfields -mmcu=atmega32 -DF_CPU=1000000UL -MMD -MP -MF"app.d" -MT"app.o" -c -o "app.o" "../app.c"
../app.c: In function 'main':
../app.c:21: warning: pointer targets in passing argument 1 of 'LCD_displayString' differ in signedness
../app.c:23: warning: pointer targets in passing argument 1 of 'LCD_displayString' differ in signedness
../app.c:26: warning: pointer targets in passing argument 1 of 'LCD_displayString' differ in signedness
Finished building: ../app.c
 
Building target: Fan_Controller_system.elf
Invoking: AVR C Linker
avr-gcc -Wl,-Map,Fan_Controller_system.map -mmcu=atmega32 -o "Fan_Controller_system.elf"  ./adc.o ./app.o ./dcmotor.o ./gpio.o ./lcd.o ./lm35_sensor.o ./timer0.o   
Finished building target: Fan_Controller_system.elf
 
Invoking: AVR Create Extended Listing
avr-objdump -h -S Fan_Controller_system.elf  >"Fan_Controller_system.lss"
Finished building: Fan_Controller_system.lss
 
Invoking: Print Size
avr-size --format=avr --mcu=atmega32 Fan_Controller_system.elf
AVR Memory Usage
----------------
Device: atmega32

Program:    9852 bytes (30.1% Full)
(.text + .data + .bootloader)

Data:        292 bytes (14.3% Full)
(.data + .bss + .noinit)


Finished building: sizedummy
 
02:13:06 **** Incremental Build of configuration Debug for project Fan_Controller_system ****
make all 
Building file: ../app.c
Invoking: AVR Compiler
avr-gcc -Wall -g2 -gstabs -O0 -fpack-struct -fshort-enums -ffunction-sections -fdata-sections -std=gnu99 -funsigned-char -funsigned-bitfields -mmcu=atmega32 -DF_CPU=1000000UL -MMD -MP -MF"app.d" -MT"app.o" -c -o "app.o" "../app.c"
../app.c: In function 'main':
../app.c:21: warning: pointer targets in passing argument 1 of 'LCD_displayString' differ in signedness
../app.c:23: warning: pointer targets in passing argument 1 of 'LCD_displayString' differ in signedness
../app.c:26: warning: pointer targets in passing argument 1 of 'LCD_displayString' differ in signedness
Finished building: ../app.c
 
Building target: Fan_Controller_system.elf
Invoking: AVR C Linker
avr-gcc -Wl,-Map,Fan_Controller_system.map -mmcu=atmega32 -o "Fan_Controller_system.elf"  ./adc.o ./app.o ./dcmotor.o ./gpio.o ./lcd.o ./lm35_sensor.o ./timer0.o   
Finished building target: Fan_Controller_system.elf
 
Invoking: AVR Create Extended Listing
avr-objdump -h -S Fan_Controller_system.elf  >"Fan_Controller_system.lss"
Finished building: Fan_Controller_system.lss
 
Invoking: Print Size
avr-size --format=avr --mcu=atmega32 Fan_Controller_system.elf
AVR Memory Usage
----------------
Device: atmega32

Program:    9852 bytes (30.1% Full)
(.text + .data + .bootloader)

Data:        292 bytes (14.3% Full)
(.data + .bss + .noinit)


Finished building: sizedummy
 
02:22:41 **** Incremental Build of configuration Debug for project Fan_Controller_system ****
make all 
Building file: ../app.c
Invoking: AVR Compiler
avr-gcc -Wall -g2 -gstabs -O0 -fpack-struct -fshort-enums -ffunction-sections -fdata-sections -std=gnu99 -funsigned-char -funsigned-bitfields -mmcu=atmega32 -DF_CPU=1000000UL -MMD -MP -MF"app.d" -MT"app.o" -c -o "app.o" "../app.c"
../app.c: In function 'main':
../app.c:21: warning: pointer targets in passing argument 1 of 'LCD_displayString' differ in signedness
../app.c:23: warning: pointer targets in passing argument 1 of 'LCD_displayString' differ in signedness
../app.c:26: warning: pointer targets in passing argument 1 of 'LCD_displayString' differ in signedness
Finished building: ../app.c
 
Building target: Fan_Controller_system.elf
Invoking: AVR C Linker
avr-gcc -Wl,-Map,Fan_Controller_system.map -mmcu=atmega32 -o "Fan_Controller_system.elf"  ./adc.o ./app.o ./dcmotor.o ./gpio.o ./lcd.o ./lm35_sensor.o ./timer0.o   
Finished building target: Fan_Controller_system.elf
 
Invoking: AVR Create Extended Listing
avr-objdump -h -S Fan_Controller_system.elf  >"Fan_Controller_system.lss"
Finished building: Fan_Controller_system.lss
 
Invoking: Print Size
avr-size --format=avr --mcu=atmega32 Fan_Controller_system.elf
AVR Memory Usage
----------------
Device: atmega32

Program:    9860 bytes (30.1% Full)
(.text + .data + .bootloader)

Data:        292 bytes (14.3% Full)
(.data + .bss + .noinit)


Finished building: sizedummy
 
02:26:53 **** Incremental Build of configuration Debug for project Fan_Controller_system ****
make all 
Building file: ../app.c
Invoking: AVR Compiler
avr-gcc -Wall -g2 -gstabs -O0 -fpack-struct -fshort-enums -ffunction-sections -fdata-sections -std=gnu99 -funsigned-char -funsigned-bitfields -mmcu=atmega32 -DF_CPU=1000000UL -MMD -MP -MF"app.d" -MT"app.o" -c -o "app.o" "../app.c"
../app.c: In function 'main':
../app.c:21: warning: pointer targets in passing argument 1 of 'LCD_displayString' differ in signedness
../app.c:23: warning: pointer targets in passing argument 1 of 'LCD_displayString' differ in signedness
../app.c:26: warning: pointer targets in passing argument 1 of 'LCD_displayString' differ in signedness
Finished building: ../app.c
 
Building target: Fan_Controller_system.elf
Invoking: AVR C Linker
avr-gcc -Wl,-Map,Fan_Controller_system.map -mmcu=atmega32 -o "Fan_Controller_system.elf"  ./adc.o ./app.o ./dcmotor.o ./gpio.o ./lcd.o ./lm35_sensor.o ./timer0.o   
Finished building target: Fan_Controller_system.elf
 
Invoking: AVR Create Extended Listing
avr-objdump -h -S Fan_Controller_system.elf  >"Fan_Controller_system.lss"
Finished building: Fan_Controller_system.lss
 
Invoking: Print Size
avr-size --format=avr --mcu=atmega32 Fan_Controller_system.elf
AVR Memory Usage
----------------
Device: atmega32

Program:    9868 bytes (30.1% Full)
(.text + .data + .bootloader)

Data:        292 bytes (14.3% Full)
(.data + .bss + .noinit)


Finished building: sizedummy
 
02:35:31 **** Incremental Build of configuration Debug for project Fan_Controller_system ****
make all 
Building file: ../app.c
Invoking: AVR Compiler
avr-gcc -Wall -g2 -gstabs -O0 -fpack-struct -fshort-enums -ffunction-sections -fdata-sections -std=gnu99 -funsigned-char -funsigned-bitfields -mmcu=atmega32 -DF_CPU=1000000UL -MMD -MP -MF"app.d" -MT"app.o" -c -o "app.o" "../app.c"
../app.c: In function 'main':
../app.c:21: warning: pointer targets in passing argument 1 of 'LCD_displayString' differ in signedness
../app.c:23: warning: pointer targets in passing argument 1 of 'LCD_displayString' differ in signedness
../app.c:26: warning: pointer targets in passing argument 1 of 'LCD_displayString' differ in signedness
../app.c:45: warning: pointer targets in passing argument 1 of 'LCD_displayString' differ in signedness
Finished building: ../app.c
 
Building target: Fan_Controller_system.elf
Invoking: AVR C Linker
avr-gcc -Wl,-Map,Fan_Controller_system.map -mmcu=atmega32 -o "Fan_Controller_system.elf"  ./adc.o ./app.o ./dcmotor.o ./gpio.o ./lcd.o ./lm35_sensor.o ./timer0.o   
Finished building target: Fan_Controller_system.elf
 
Invoking: AVR Create Extended Listing
avr-objdump -h -S Fan_Controller_system.elf  >"Fan_Controller_system.lss"
Finished building: Fan_Controller_system.lss
 
Invoking: Print Size
avr-size --format=avr --mcu=atmega32 Fan_Controller_system.elf
AVR Memory Usage
----------------
Device: atmega32

Program:    9992 bytes (30.5% Full)
(.text + .data + .bootloader)

Data:        294 bytes (14.4% Full)
(.data + .bss + .noinit)


Finished building: sizedummy
 
02:37:10 **** Incremental Build of configuration Debug for project Fan_Controller_system ****
make all 
Building file: ../app.c
Invoking: AVR Compiler
avr-gcc -Wall -g2 -gstabs -O0 -fpack-struct -fshort-enums -ffunction-sections -fdata-sections -std=gnu99 -funsigned-char -funsigned-bitfields -mmcu=atmega32 -DF_CPU=1000000UL -MMD -MP -MF"app.d" -MT"app.o" -c -o "app.o" "../app.c"
../app.c: In function 'main':
../app.c:21: warning: pointer targets in passing argument 1 of 'LCD_displayString' differ in signedness
../app.c:23: warning: pointer targets in passing argument 1 of 'LCD_displayString' differ in signedness
../app.c:26: warning: pointer targets in passing argument 1 of 'LCD_displayString' differ in signedness
../app.c:48: warning: pointer targets in passing argument 1 of 'LCD_displayString' differ in signedness
Finished building: ../app.c
 
Building target: Fan_Controller_system.elf
Invoking: AVR C Linker
avr-gcc -Wl,-Map,Fan_Controller_system.map -mmcu=atmega32 -o "Fan_Controller_system.elf"  ./adc.o ./app.o ./dcmotor.o ./gpio.o ./lcd.o ./lm35_sensor.o ./timer0.o   
Finished building target: Fan_Controller_system.elf
 
Invoking: AVR Create Extended Listing
avr-objdump -h -S Fan_Controller_system.elf  >"Fan_Controller_system.lss"
Finished building: Fan_Controller_system.lss
 
Invoking: Print Size
avr-size --format=avr --mcu=atmega32 Fan_Controller_system.elf
AVR Memory Usage
----------------
Device: atmega32

Program:   10024 bytes (30.6% Full)
(.text + .data + .bootloader)

Data:        294 bytes (14.4% Full)
(.data + .bss + .noinit)


Finished building: sizedummy
 
02:38:42 **** Incremental Build of configuration Debug for project Fan_Controller_system ****
make all 
Building file: ../app.c
Invoking: AVR Compiler
avr-gcc -Wall -g2 -gstabs -O0 -fpack-struct -fshort-enums -ffunction-sections -fdata-sections -std=gnu99 -funsigned-char -funsigned-bitfields -mmcu=atmega32 -DF_CPU=1000000UL -MMD -MP -MF"app.d" -MT"app.o" -c -o "app.o" "../app.c"
../app.c: In function 'main':
../app.c:21: warning: pointer targets in passing argument 1 of 'LCD_displayString' differ in signedness
../app.c:23: warning: pointer targets in passing argument 1 of 'LCD_displayString' differ in signedness
../app.c:26: warning: pointer targets in passing argument 1 of 'LCD_displayString' differ in signedness
../app.c:30: warning: pointer targets in passing argument 1 of 'LCD_displayString' differ in signedness
../app.c:35: warning: pointer targets in passing argument 1 of 'LCD_displayString' differ in signedness
../app.c:42: warning: pointer targets in passing argument 1 of 'LCD_displayString' differ in signedness
../app.c:49: warning: pointer targets in passing argument 1 of 'LCD_displayString' differ in signedness
../app.c:56: warning: pointer targets in passing argument 1 of 'LCD_displayString' differ in signedness
Finished building: ../app.c
 
Building target: Fan_Controller_system.elf
Invoking: AVR C Linker
avr-gcc -Wl,-Map,Fan_Controller_system.map -mmcu=atmega32 -o "Fan_Controller_system.elf"  ./adc.o ./app.o ./dcmotor.o ./gpio.o ./lcd.o ./lm35_sensor.o ./timer0.o   
Finished building target: Fan_Controller_system.elf
 
Invoking: AVR Create Extended Listing
avr-objdump -h -S Fan_Controller_system.elf  >"Fan_Controller_system.lss"
Finished building: Fan_Controller_system.lss
 
Invoking: Print Size
avr-size --format=avr --mcu=atmega32 Fan_Controller_system.elf
AVR Memory Usage
----------------
Device: atmega32

Program:   10088 bytes (30.8% Full)
(.text + .data + .bootloader)

Data:        294 bytes (14.4% Full)
(.data + .bss + .noinit)


Finished building: sizedummy
 
02:39:39 **** Incremental Build of configuration Debug for project Fan_Controller_system ****
make all 
Building file: ../app.c
Invoking: AVR Compiler
avr-gcc -Wall -g2 -gstabs -O0 -fpack-struct -fshort-enums -ffunction-sections -fdata-sections -std=gnu99 -funsigned-char -funsigned-bitfields -mmcu=atmega32 -DF_CPU=1000000UL -MMD -MP -MF"app.d" -MT"app.o" -c -o "app.o" "../app.c"
../app.c: In function 'main':
../app.c:21: warning: pointer targets in passing argument 1 of 'LCD_displayString' differ in signedness
../app.c:23: warning: pointer targets in passing argument 1 of 'LCD_displayString' differ in signedness
../app.c:26: warning: pointer targets in passing argument 1 of 'LCD_displayString' differ in signedness
../app.c:30: warning: pointer targets in passing argument 1 of 'LCD_displayString' differ in signedness
../app.c:35: warning: pointer targets in passing argument 1 of 'LCD_displayString' differ in signedness
../app.c:42: warning: pointer targets in passing argument 1 of 'LCD_displayString' differ in signedness
../app.c:49: warning: pointer targets in passing argument 1 of 'LCD_displayString' differ in signedness
../app.c:56: warning: pointer targets in passing argument 1 of 'LCD_displayString' differ in signedness
Finished building: ../app.c
 
Building target: Fan_Controller_system.elf
Invoking: AVR C Linker
avr-gcc -Wl,-Map,Fan_Controller_system.map -mmcu=atmega32 -o "Fan_Controller_system.elf"  ./adc.o ./app.o ./dcmotor.o ./gpio.o ./lcd.o ./lm35_sensor.o ./timer0.o   
Finished building target: Fan_Controller_system.elf
 
Invoking: AVR Create Extended Listing
avr-objdump -h -S Fan_Controller_system.elf  >"Fan_Controller_system.lss"
Finished building: Fan_Controller_system.lss
 
Invoking: Print Size
avr-size --format=avr --mcu=atmega32 Fan_Controller_system.elf
AVR Memory Usage
----------------
Device: atmega32

Program:   10092 bytes (30.8% Full)
(.text + .data + .bootloader)

Data:        298 bytes (14.6% Full)
(.data + .bss + .noinit)


Finished building: sizedummy
 
02:40:19 **** Incremental Build of configuration Debug for project Fan_Controller_system ****
make all 
Building file: ../app.c
Invoking: AVR Compiler
avr-gcc -Wall -g2 -gstabs -O0 -fpack-struct -fshort-enums -ffunction-sections -fdata-sections -std=gnu99 -funsigned-char -funsigned-bitfields -mmcu=atmega32 -DF_CPU=1000000UL -MMD -MP -MF"app.d" -MT"app.o" -c -o "app.o" "../app.c"
../app.c: In function 'main':
../app.c:21: warning: pointer targets in passing argument 1 of 'LCD_displayString' differ in signedness
../app.c:23: warning: pointer targets in passing argument 1 of 'LCD_displayString' differ in signedness
../app.c:26: warning: pointer targets in passing argument 1 of 'LCD_displayString' differ in signedness
../app.c:30: warning: pointer targets in passing argument 1 of 'LCD_displayString' differ in signedness
../app.c:35: warning: pointer targets in passing argument 1 of 'LCD_displayString' differ in signedness
../app.c:42: warning: pointer targets in passing argument 1 of 'LCD_displayString' differ in signedness
../app.c:49: warning: pointer targets in passing argument 1 of 'LCD_displayString' differ in signedness
../app.c:57: warning: pointer targets in passing argument 1 of 'LCD_displayString' differ in signedness
Finished building: ../app.c
 
Building target: Fan_Controller_system.elf
Invoking: AVR C Linker
avr-gcc -Wl,-Map,Fan_Controller_system.map -mmcu=atmega32 -o "Fan_Controller_system.elf"  ./adc.o ./app.o ./dcmotor.o ./gpio.o ./lcd.o ./lm35_sensor.o ./timer0.o   
Finished building target: Fan_Controller_system.elf
 
Invoking: AVR Create Extended Listing
avr-objdump -h -S Fan_Controller_system.elf  >"Fan_Controller_system.lss"
Finished building: Fan_Controller_system.lss
 
Invoking: Print Size
avr-size --format=avr --mcu=atmega32 Fan_Controller_system.elf
AVR Memory Usage
----------------
Device: atmega32

Program:   10098 bytes (30.8% Full)
(.text + .data + .bootloader)

Data:        298 bytes (14.6% Full)
(.data + .bss + .noinit)


Finished building: sizedummy
 
02:41:21 **** Incremental Build of configuration Debug for project Fan_Controller_system ****
make all 
Building file: ../app.c
Invoking: AVR Compiler
avr-gcc -Wall -g2 -gstabs -O0 -fpack-struct -fshort-enums -ffunction-sections -fdata-sections -std=gnu99 -funsigned-char -funsigned-bitfields -mmcu=atmega32 -DF_CPU=1000000UL -MMD -MP -MF"app.d" -MT"app.o" -c -o "app.o" "../app.c"
../app.c: In function 'main':
../app.c:21: warning: pointer targets in passing argument 1 of 'LCD_displayString' differ in signedness
../app.c:23: warning: pointer targets in passing argument 1 of 'LCD_displayString' differ in signedness
../app.c:30: warning: pointer targets in passing argument 1 of 'LCD_displayString' differ in signedness
../app.c:35: warning: pointer targets in passing argument 1 of 'LCD_displayString' differ in signedness
../app.c:42: warning: pointer targets in passing argument 1 of 'LCD_displayString' differ in signedness
../app.c:49: warning: pointer targets in passing argument 1 of 'LCD_displayString' differ in signedness
../app.c:57: warning: pointer targets in passing argument 1 of 'LCD_displayString' differ in signedness
Finished building: ../app.c
 
Building target: Fan_Controller_system.elf
Invoking: AVR C Linker
avr-gcc -Wl,-Map,Fan_Controller_system.map -mmcu=atmega32 -o "Fan_Controller_system.elf"  ./adc.o ./app.o ./dcmotor.o ./gpio.o ./lcd.o ./lm35_sensor.o ./timer0.o   
Finished building target: Fan_Controller_system.elf
 
Invoking: AVR Create Extended Listing
avr-objdump -h -S Fan_Controller_system.elf  >"Fan_Controller_system.lss"
Finished building: Fan_Controller_system.lss
 
Invoking: Print Size
avr-size --format=avr --mcu=atmega32 Fan_Controller_system.elf
AVR Memory Usage
----------------
Device: atmega32

Program:   10082 bytes (30.8% Full)
(.text + .data + .bootloader)

Data:        298 bytes (14.6% Full)
(.data + .bss + .noinit)


Finished building: sizedummy
 
02:42:57 **** Incremental Build of configuration Debug for project Fan_Controller_system ****
make all 
Building file: ../app.c
Invoking: AVR Compiler
avr-gcc -Wall -g2 -gstabs -O0 -fpack-struct -fshort-enums -ffunction-sections -fdata-sections -std=gnu99 -funsigned-char -funsigned-bitfields -mmcu=atmega32 -DF_CPU=1000000UL -MMD -MP -MF"app.d" -MT"app.o" -c -o "app.o" "../app.c"
../app.c: In function 'main':
../app.c:21: warning: pointer targets in passing argument 1 of 'LCD_displayString' differ in signedness
../app.c:23: warning: pointer targets in passing argument 1 of 'LCD_displayString' differ in signedness
../app.c:29: warning: pointer targets in passing argument 1 of 'LCD_displayString' differ in signedness
../app.c:34: warning: pointer targets in passing argument 1 of 'LCD_displayString' differ in signedness
../app.c:41: warning: pointer targets in passing argument 1 of 'LCD_displayString' differ in signedness
../app.c:48: warning: pointer targets in passing argument 1 of 'LCD_displayString' differ in signedness
../app.c:56: warning: pointer targets in passing argument 1 of 'LCD_displayString' differ in signedness
Finished building: ../app.c
 
Building target: Fan_Controller_system.elf
Invoking: AVR C Linker
avr-gcc -Wl,-Map,Fan_Controller_system.map -mmcu=atmega32 -o "Fan_Controller_system.elf"  ./adc.o ./app.o ./dcmotor.o ./gpio.o ./lcd.o ./lm35_sensor.o ./timer0.o   
Finished building target: Fan_Controller_system.elf
 
Invoking: AVR Create Extended Listing
avr-objdump -h -S Fan_Controller_system.elf  >"Fan_Controller_system.lss"
Finished building: Fan_Controller_system.lss
 
Invoking: Print Size
avr-size --format=avr --mcu=atmega32 Fan_Controller_system.elf
AVR Memory Usage
----------------
Device: atmega32

Program:   10080 bytes (30.8% Full)
(.text + .data + .bootloader)

Data:        296 bytes (14.5% Full)
(.data + .bss + .noinit)


Finished building: sizedummy
 
02:51:22 **** Incremental Build of configuration Debug for project Fan_Controller_system ****
make all 
Building file: ../app.c
Invoking: AVR Compiler
avr-gcc -Wall -g2 -gstabs -O0 -fpack-struct -fshort-enums -ffunction-sections -fdata-sections -std=gnu99 -funsigned-char -funsigned-bitfields -mmcu=atmega32 -DF_CPU=1000000UL -MMD -MP -MF"app.d" -MT"app.o" -c -o "app.o" "../app.c"
../app.c: In function 'main':
../app.c:21: warning: pointer targets in passing argument 1 of 'LCD_displayString' differ in signedness
../app.c:23: warning: pointer targets in passing argument 1 of 'LCD_displayString' differ in signedness
../app.c:28: warning: pointer targets in passing argument 1 of 'LCD_displayString' differ in signedness
../app.c:34: warning: pointer targets in passing argument 1 of 'LCD_displayString' differ in signedness
../app.c:41: warning: pointer targets in passing argument 1 of 'LCD_displayString' differ in signedness
../app.c:48: warning: pointer targets in passing argument 1 of 'LCD_displayString' differ in signedness
../app.c:56: warning: pointer targets in passing argument 1 of 'LCD_displayString' differ in signedness
Finished building: ../app.c
 
Building target: Fan_Controller_system.elf
Invoking: AVR C Linker
avr-gcc -Wl,-Map,Fan_Controller_system.map -mmcu=atmega32 -o "Fan_Controller_system.elf"  ./adc.o ./app.o ./dcmotor.o ./gpio.o ./lcd.o ./lm35_sensor.o ./timer0.o   
Finished building target: Fan_Controller_system.elf
 
Invoking: AVR Create Extended Listing
avr-objdump -h -S Fan_Controller_system.elf  >"Fan_Controller_system.lss"
Finished building: Fan_Controller_system.lss
 
Invoking: Print Size
avr-size --format=avr --mcu=atmega32 Fan_Controller_system.elf
AVR Memory Usage
----------------
Device: atmega32

Program:   10088 bytes (30.8% Full)
(.text + .data + .bootloader)

Data:        296 bytes (14.5% Full)
(.data + .bss + .noinit)


Finished building: sizedummy
 
02:53:42 **** Incremental Build of configuration Debug for project Fan_Controller_system ****
make all 
Building file: ../app.c
Invoking: AVR Compiler
avr-gcc -Wall -g2 -gstabs -O0 -fpack-struct -fshort-enums -ffunction-sections -fdata-sections -std=gnu99 -funsigned-char -funsigned-bitfields -mmcu=atmega32 -DF_CPU=1000000UL -MMD -MP -MF"app.d" -MT"app.o" -c -o "app.o" "../app.c"
../app.c: In function 'main':
../app.c:21: warning: pointer targets in passing argument 1 of 'LCD_displayString' differ in signedness
../app.c:23: warning: pointer targets in passing argument 1 of 'LCD_displayString' differ in signedness
../app.c:28: warning: pointer targets in passing argument 1 of 'LCD_displayString' differ in signedness
../app.c:33: warning: pointer targets in passing argument 1 of 'LCD_displayString' differ in signedness
../app.c:40: warning: pointer targets in passing argument 1 of 'LCD_displayString' differ in signedness
../app.c:47: warning: pointer targets in passing argument 1 of 'LCD_displayString' differ in signedness
../app.c:55: warning: pointer targets in passing argument 1 of 'LCD_displayString' differ in signedness
Finished building: ../app.c
 
Building target: Fan_Controller_system.elf
Invoking: AVR C Linker
avr-gcc -Wl,-Map,Fan_Controller_system.map -mmcu=atmega32 -o "Fan_Controller_system.elf"  ./adc.o ./app.o ./dcmotor.o ./gpio.o ./lcd.o ./lm35_sensor.o ./timer0.o   
Finished building target: Fan_Controller_system.elf
 
Invoking: AVR Create Extended Listing
avr-objdump -h -S Fan_Controller_system.elf  >"Fan_Controller_system.lss"
Finished building: Fan_Controller_system.lss
 
Invoking: Print Size
avr-size --format=avr --mcu=atmega32 Fan_Controller_system.elf
AVR Memory Usage
----------------
Device: atmega32

Program:   10080 bytes (30.8% Full)
(.text + .data + .bootloader)

Data:        296 bytes (14.5% Full)
(.data + .bss + .noinit)


Finished building: sizedummy
 
02:55:21 **** Incremental Build of configuration Debug for project Fan_Controller_system ****
make all 
Building file: ../app.c
Invoking: AVR Compiler
avr-gcc -Wall -g2 -gstabs -O0 -fpack-struct -fshort-enums -ffunction-sections -fdata-sections -std=gnu99 -funsigned-char -funsigned-bitfields -mmcu=atmega32 -DF_CPU=1000000UL -MMD -MP -MF"app.d" -MT"app.o" -c -o "app.o" "../app.c"
../app.c: In function 'main':
../app.c:21: warning: pointer targets in passing argument 1 of 'LCD_displayString' differ in signedness
../app.c:23: warning: pointer targets in passing argument 1 of 'LCD_displayString' differ in signedness
../app.c:28: warning: pointer targets in passing argument 1 of 'LCD_displayString' differ in signedness
../app.c:34: warning: pointer targets in passing argument 1 of 'LCD_displayString' differ in signedness
../app.c:40: warning: pointer targets in passing argument 1 of 'LCD_displayString' differ in signedness
../app.c:47: warning: pointer targets in passing argument 1 of 'LCD_displayString' differ in signedness
../app.c:54: warning: pointer targets in passing argument 1 of 'LCD_displayString' differ in signedness
../app.c:62: warning: pointer targets in passing argument 1 of 'LCD_displayString' differ in signedness
Finished building: ../app.c
 
Building target: Fan_Controller_system.elf
Invoking: AVR C Linker
avr-gcc -Wl,-Map,Fan_Controller_system.map -mmcu=atmega32 -o "Fan_Controller_system.elf"  ./adc.o ./app.o ./dcmotor.o ./gpio.o ./lcd.o ./lm35_sensor.o ./timer0.o   
Finished building target: Fan_Controller_system.elf
 
Invoking: AVR Create Extended Listing
avr-objdump -h -S Fan_Controller_system.elf  >"Fan_Controller_system.lss"
Finished building: Fan_Controller_system.lss
 
Invoking: Print Size
avr-size --format=avr --mcu=atmega32 Fan_Controller_system.elf
AVR Memory Usage
----------------
Device: atmega32

Program:   10144 bytes (31.0% Full)
(.text + .data + .bootloader)

Data:        296 bytes (14.5% Full)
(.data + .bss + .noinit)


Finished building: sizedummy
 
02:56:35 **** Incremental Build of configuration Debug for project Fan_Controller_system ****
make all 
Invoking: Print Size
avr-size --format=avr --mcu=atmega32 Fan_Controller_system.elf
AVR Memory Usage
----------------
Device: atmega32

Program:   10144 bytes (31.0% Full)
(.text + .data + .bootloader)

Data:        296 bytes (14.5% Full)
(.data + .bss + .noinit)


Finished building: sizedummy
 
